<?xml version="1.0" encoding="UTF-8" ?>
<testsuite errors="0" skipped="0" tests="1" time="0.038" failures="0" name="net.didion.pml.values.AppTest">
  <properties>
    <property value="Apple Inc." name="java.vendor"/>
    <property value="/Users/johndidion/.m2/repository" name="localRepository"/>
    <property value="SUN_STANDARD" name="sun.java.launcher"/>
    <property value="HotSpot Client Compiler" name="sun.management.compiler"/>
    <property value="898000" name="env.SECURITYSESSIONID"/>
    <property value="Mac OS X" name="os.name"/>
    <property value="/System/Library/Frameworks/JavaVM.framework/Versions/1.5.0/Home/lib/endorsed/jaxb-api-2.1.jar:/System/Library/Frameworks/JavaVM.framework/Versions/1.5.0/Home/lib/endorsed/JAXB2_20090206.jar:/System/Library/Frameworks/JavaVM.framework/Versions/1.5.0/Classes/classes.jar:/System/Library/Frameworks/JavaVM.framework/Versions/1.5.0/Classes/ui.jar:/System/Library/Frameworks/JavaVM.framework/Versions/1.5.0/Classes/laf.jar:/System/Library/Frameworks/JavaVM.framework/Versions/1.5.0/Classes/sunrsasign.jar:/System/Library/Frameworks/JavaVM.framework/Versions/1.5.0/Classes/jsse.jar:/System/Library/Frameworks/JavaVM.framework/Versions/1.5.0/Classes/jce.jar:/System/Library/Frameworks/JavaVM.framework/Versions/1.5.0/Classes/charsets.jar" name="sun.boot.class.path"/>
    <property value="/var/folders/Xv/XvC8xLm1FBekbxEQw70oHE+++TI/-Tmp-/" name="env.TMPDIR"/>
    <property value="Sun Microsystems Inc." name="java.vm.specification.vendor"/>
    <property value="1.5.0_16-b06-284" name="java.runtime.version"/>
    <property value="/tmp/launch-lk4WFw/Render" name="env.Apple_PubSub_Socket_Render"/>
    <property value="/tmp/launch-EY5GZN/:0" name="env.DISPLAY"/>
    <property value="1" name="env.JAVA_STARTED_ON_FIRST_THREAD_885"/>
    <property value="johndidion" name="user.name"/>
    <property value="johndidion" name="env.USER"/>
    <property value="/bin/bash" name="env.SHELL"/>
    <property value="0x1F5:0:0" name="env.__CF_USER_TEXT_ENCODING"/>
    <property value="true" name="awt.nativeDoubleBuffering"/>
    <property value="/usr/bin:/bin:/usr/sbin:/sbin" name="env.PATH"/>
    <property value="en" name="user.language"/>
    <property value="/System/Library/Frameworks/JavaVM.framework/Versions/1.5.0/Libraries" name="sun.boot.library.path"/>
    <property value="/Volumes/secure/workspace/.metadata/.plugins/org.maven.ide.eclipse/launches/m2conf3916.tmp" name="classworlds.conf"/>
    <property value="1.5.0_16" name="java.version"/>
    <property value="" name="user.timezone"/>
    <property value="32" name="sun.arch.data.model"/>
    <property value="local|*.local|169.254/16|*.169.254/16" name="http.nonProxyHosts"/>
    <property value="/System/Library/Frameworks/JavaVM.framework/Versions/1.5.0/Home/lib/endorsed" name="java.endorsed.dirs"/>
    <property value="" name="sun.cpu.isalist"/>
    <property value="MacRoman" name="sun.jnu.encoding"/>
    <property value="sun.io" name="file.encoding.pkg"/>
    <property value="/" name="file.separator"/>
    <property value="Java Platform API Specification" name="java.specification.name"/>
    <property value="49.0" name="java.class.version"/>
    <property value="US" name="user.country"/>
    <property value="/System/Library/Frameworks/JavaVM.framework/Versions/1.5.0/Home" name="java.home"/>
    <property value="mixed mode, sharing" name="java.vm.info"/>
    <property value="johndidion" name="env.LOGNAME"/>
    <property value="10.5.6" name="os.version"/>
    <property value=":" name="path.separator"/>
    <property value="1.5.0_16-133" name="java.vm.version"/>
    <property value="apple.awt.CPrinterJob" name="java.awt.printerjob"/>
    <property value="UnicodeLittle" name="sun.io.unicode.encoding"/>
    <property value="apple.awt.CToolkit" name="awt.toolkit"/>
    <property value="local|*.local|169.254/16|*.169.254/16" name="socksNonProxyHosts"/>
    <property value="local|*.local|169.254/16|*.169.254/16" name="ftp.nonProxyHosts"/>
    <property value="/Users/johndidion" name="user.home"/>
    <property value="org.codehaus.classworlds.Launcher" name="env.JAVA_MAIN_CLASS_907"/>
    <property value="Sun Microsystems Inc." name="java.specification.vendor"/>
    <property value=".:/Library/Java/Extensions:/System/Library/Java/Extensions:/usr/lib/java" name="java.library.path"/>
    <property value="http://www.apple.com/" name="java.vendor.url"/>
    <property value="../Resources/Eclipse.icns" name="env.APP_ICON_885"/>
    <property value="Apple Inc." name="java.vm.vendor"/>
    <property value="false" name="gopherProxySet"/>
    <property value="EMBEDDED" name="maven.home"/>
    <property value="Java(TM) 2 Runtime Environment, Standard Edition" name="java.runtime.name"/>
    <property value="/Applications/eclipse/plugins/org.maven.ide.components.maven_embedder_2.1.0.20080530-2300/jars/plexus-classworlds-1.2-alpha-12.jar" name="java.class.path"/>
    <property value="Java Virtual Machine Specification" name="java.vm.specification.name"/>
    <property value="1.0" name="java.vm.specification.version"/>
    <property value="/Volumes/secure/workspace/.metadata/.plugins/org.maven.ide.eclipse/workspacestate.properties" name="m2eclipse.workspace.state"/>
    <property value="little" name="sun.cpu.endian"/>
    <property value="unknown" name="sun.os.patch.level"/>
    <property value="/Users/johndidion" name="env.HOME"/>
    <property value="/Volumes/secure/projects/pml/pml-value-model/target/test-classes:/Volumes/secure/projects/pml/pml-value-model/target/classes:/Users/johndidion/.m2/repository/junit/junit/4.5/junit-4.5.jar:/Users/johndidion/.m2/repository/com/sun/xml/bind/jaxb/2.1.9/jaxb-2.1.9-osgi.jar:/Users/johndidion/.m2/repository/javax/xml/bind/jaxb-api/2.1/jaxb-api-2.1.jar:/Users/johndidion/.m2/repository/javax/xml/stream/stax-api/1.0-2/stax-api-1.0-2.jar:/Users/johndidion/.m2/repository/javax/activation/activation/1.1/activation-1.1.jar:" name="surefire.test.class.path"/>
    <property value="/tmp" name="java.io.tmpdir"/>
    <property value="http://bugreport.apple.com/" name="java.vendor.url.bug"/>
    <property value="/tmp/launch-JBBWWe/Listeners" name="env.SSH_AUTH_SOCK"/>
    <property value="legacy" name="env.COMMAND_MODE"/>
    <property value="i386" name="os.arch"/>
    <property value="apple.awt.CGraphicsEnvironment" name="java.awt.graphicsenv"/>
    <property value="/Library/Java/Extensions:/System/Library/Java/Extensions:/System/Library/Frameworks/JavaVM.framework/Versions/1.5.0/Home/lib/ext" name="java.ext.dirs"/>
    <property value="/Volumes/secure/projects/pml/pml-value-model" name="user.dir"/>
    <property value="1050.1.5.0_16-284" name="mrj.version"/>
    <property value="
" name="line.separator"/>
    <property value="Java HotSpot(TM) Client VM" name="java.vm.name"/>
    <property value="/Volumes/secure/projects/pml/pml-value-model" name="basedir"/>
    <property value="true" name="maven.mode.standalone"/>
    <property value="MacRoman" name="file.encoding"/>
    <property value="/Users/johndidion/.gnupg/S.gpg-agent:112:1" name="env.GPG_AGENT_INFO"/>
    <property value="1.5" name="java.specification.version"/>
  </properties>
  <testcase classname="net.didion.pml.values.AppTest" time="0.002" name="testApp"/>
</testsuite>